<?xml version="1.0" encoding="UTF-8"?>
<testng-results ignored="0" total="2" passed="2" failed="0" skipped="0">
  <reporter-output>
  </reporter-output>
  <suite started-at="2025-09-24T09:33:21 IST" name="Default suite" finished-at="2025-09-24T09:33:44 IST" duration-ms="23012">
    <groups>
    </groups>
    <test started-at="2025-09-24T09:33:21 IST" name="Default test" finished-at="2025-09-24T09:33:44 IST" duration-ms="23012">
      <class name="HRMS_EMP.Testclass">
        <test-method is-config="true" signature="setupbrowser()[pri:0, instance:HRMS_EMP.Testclass@4d1c00d0]" started-at="2025-09-24T09:33:21 IST" name="setupbrowser" finished-at="2025-09-24T09:33:32 IST" duration-ms="10563" status="PASS">
          <reporter-output>
          </reporter-output>
        </test-method> <!-- setupbrowser -->
        <test-method signature="Login_test()[pri:0, instance:HRMS_EMP.Testclass@4d1c00d0]" started-at="2025-09-24T09:33:32 IST" name="Login_test" finished-at="2025-09-24T09:33:35 IST" duration-ms="3527" status="PASS">
          <reporter-output>
          </reporter-output>
        </test-method> <!-- Login_test -->
        <test-method signature="empdashboard()[pri:0, instance:HRMS_EMP.Testclass@4d1c00d0]" started-at="2025-09-24T09:33:35 IST" name="empdashboard" finished-at="2025-09-24T09:33:44 IST" duration-ms="8879" status="PASS">
          <reporter-output>
          </reporter-output>
        </test-method> <!-- empdashboard -->
      </class> <!-- HRMS_EMP.Testclass -->
    </test> <!-- Default test -->
  </suite> <!-- Default suite -->
</testng-results>
